Using CPU. Note: This module is much faster with a GPU.
Traceback (most recent call last):
  File "C:\xampp\htdocs\car_parking_lpr\parking_system.py", line 502, in <module>
    main()
    ~~~~^^
  File "C:\xampp\htdocs\car_parking_lpr\parking_system.py", line 435, in main
    db.init_db()
    ~~~~~~~~~~^^
  File "C:\xampp\htdocs\car_parking_lpr\db.py", line 80, in init_db
    print("\u2705 Database initialized")
    ~~~~~^^^^^^^^^^^^^^^^^^^^^^^^^^^
  File "C:\Users\USER\AppData\Local\Python\pythoncore-3.14-64\Lib\encodings\cp1252.py", line 19, in encode
    return codecs.charmap_encode(input,self.errors,encoding_table)[0]
           ~~~~~~~~~~~~~~~~~~~~~^^^^^^^^^^^^^^^^^^^^^^^^^^^^^^^^^^
UnicodeEncodeError: 'charmap' codec can't encode character '\u2705' in position 0: character maps to <undefined>
Using CPU. Note: This module is much faster with a GPU.
C:\xampp\htdocs\car_parking_lpr\.venv\Lib\site-packages\torch\utils\data\dataloader.py:775: UserWarning: 'pin_memory' argument is set as true but no accelerator is found, then device pinned memory won't be used.
  super().__init__(loader)
forrtl: error (200): program aborting due to window-CLOSE event
Image              PC                Routine            Line        Source             
KERNELBASE.dll     00007FFEDE6843A7  Unknown               Unknown  Unknown
KERNEL32.DLL       00007FFEE00E259D  Unknown               Unknown  Unknown
ntdll.dll          00007FFEE104AF78  Unknown               Unknown  Unknown
